<?xml version="1.0" encoding="UTF-8"?>
<!-- Generated by org.testng.reporters.JUnitXMLReporter -->
<testsuite ignored="0" hostname="Anushruti" failures="0" tests="3" name="Test" time="61.189" errors="0" timestamp="2025-05-22T11:24:44 IST">
  <testcase classname="com.comcast.crm.concattest.CreatecontactTest" name="createContactTest1" time="9.968"/>
  <testcase classname="com.comcast.crm.concattest.CreatecontactTest" name="createContactWithSupportDateTest" time="20.196"/>
  <testcase classname="com.comcast.crm.concattest.CreatecontactTest" name="createContactwithPhoneno" time="10.122"/>
</testsuite> <!-- Test -->
