<?xml version="1.0" encoding="UTF-8"?>
<!-- Generated by org.testng.reporters.JUnitXMLReporter -->
<testsuite ignored="2" hostname="Anushruti" failures="0" tests="1" name="Test" time="37.545" errors="0" timestamp="2025-05-15T22:06:32 IST">
  <testcase classname="com.comcast.crm.orgtest.Createorgtest" name="createorgtest1" time="19.719"/>
  <testcase classname="com.comcast.crm.orgtest.Createorgtest" name="createOrgWithIndustry" time="0.0">
    <ignored/>
  </testcase> <!-- createOrgWithIndustry -->
  <testcase classname="com.comcast.crm.orgtest.Createorgtest" name="createOrgWithPhonenoTest" time="0.0">
    <ignored/>
  </testcase> <!-- createOrgWithPhonenoTest -->
</testsuite> <!-- Test -->
