<?xml version="1.0" encoding="UTF-8"?>
<!-- Generated by org.testng.reporters.JUnitReportReporter -->
<testsuite hostname="Anushruti" failures="0" tests="3" name="com.comcast.crm.concattest.CreatecontactTest" time="93.900" errors="0" timestamp="2025-05-24T19:59:57 IST" skipped="0">
  <testcase classname="com.comcast.crm.concattest.CreatecontactTest" name="createContactwithPhoneno" time="25.154"/>
  <system-out/>
  <testcase classname="com.comcast.crm.concattest.CreatecontactTest" name="createContactTest1" time="34.186"/>
  <system-out/>
  <testcase classname="com.comcast.crm.concattest.CreatecontactTest" name="createContactWithSupportDateTest" time="34.560"/>
  <system-out/>
</testsuite> <!-- com.comcast.crm.concattest.CreatecontactTest -->
