<?xml version="1.0" encoding="UTF-8"?>
<!-- Generated by org.testng.reporters.JUnitReportReporter -->
<testsuite hostname="Anushruti" failures="0" tests="3" name="com.comcast.crm.concattest.CreatecontactTest" time="59.237" errors="0" timestamp="2025-05-22T11:24:44 IST" skipped="0">
  <testcase classname="com.comcast.crm.concattest.CreatecontactTest" name="createContactWithSupportDateTest" time="23.887"/>
  <system-out/>
  <testcase classname="com.comcast.crm.concattest.CreatecontactTest" name="createContactwithPhoneno" time="23.261"/>
  <system-out/>
  <testcase classname="com.comcast.crm.concattest.CreatecontactTest" name="createContactTest1" time="12.089"/>
  <system-out/>
</testsuite> <!-- com.comcast.crm.concattest.CreatecontactTest -->
