<?xml version="1.0" encoding="UTF-8"?>
<!-- Generated by org.testng.reporters.JUnitReportReporter -->
<testsuite hostname="Anushruti" failures="0" tests="2" name="com.comcast.crm.orgtest.Createorgtest" time="55.593" errors="0" timestamp="2025-05-30T14:45:17 IST" skipped="0">
  <testcase classname="com.comcast.crm.orgtest.Createorgtest" name="createOrgWithPhonenoTest" time="12.824"/>
  <system-out/>
  <testcase classname="com.comcast.crm.orgtest.Createorgtest" name="createOrgWithIndustry" time="42.769"/>
  <system-out/>
</testsuite> <!-- com.comcast.crm.orgtest.Createorgtest -->
