<?xml version="1.0" encoding="UTF-8"?>
<!-- Generated by org.testng.reporters.JUnitXMLReporter -->
<testsuite ignored="1" hostname="Anushruti" failures="0" tests="1" name="Default test" time="5.664" errors="0" timestamp="2025-05-15T20:18:08 IST">
  <testcase classname="asertscriptpackage.Homepageverificationtest" name="verifyLogoHomepageTest" time="5.618"/>
  <testcase classname="asertscriptpackage.Homepageverificationtest" name="homepagetest" time="0.0">
    <ignored/>
  </testcase> <!-- homepagetest -->
</testsuite> <!-- Default test -->
