<?xml version="1.0" encoding="UTF-8"?>
<!-- Generated by org.testng.reporters.JUnitXMLReporter -->
<testsuite ignored="2" hostname="Anushruti" failures="0" tests="1" name="Default test" time="35.365" errors="0" timestamp="2025-05-22T11:23:13 IST">
  <testcase classname="com.comcast.crm.concattest.CreatecontactTest" name="createContactTest1" time="29.058"/>
  <testcase classname="com.comcast.crm.concattest.CreatecontactTest" name="createContactWithSupportDateTest" time="0.0">
    <ignored/>
  </testcase> <!-- createContactWithSupportDateTest -->
  <testcase classname="com.comcast.crm.concattest.CreatecontactTest" name="createContactwithPhoneno" time="0.0">
    <ignored/>
  </testcase> <!-- createContactwithPhoneno -->
</testsuite> <!-- Default test -->
