<?xml version="1.0" encoding="UTF-8"?>
<testng-results ignored="2" total="3" passed="1" failed="0" skipped="0">
  <reporter-output>
  </reporter-output>
  <suite started-at="2025-05-15T22:05:54 IST" name="Suite" finished-at="2025-05-15T22:06:32 IST" duration-ms="37545">
    <groups>
    </groups>
    <test started-at="2025-05-15T22:05:54 IST" name="Test" finished-at="2025-05-15T22:06:32 IST" duration-ms="37545">
      <class name="com.comcast.crm.orgtest.Createorgtest">
        <test-method is-config="true" signature="configBS()[pri:0, instance:com.comcast.crm.orgtest.Createorgtest@6150c3ec]" started-at="2025-05-15T22:05:54 IST" name="configBS" finished-at="2025-05-15T22:05:54 IST" duration-ms="245" status="PASS">
          <reporter-output>
          </reporter-output>
        </test-method> <!-- configBS -->
        <test-method is-config="true" signature="BC()[pri:0, instance:com.comcast.crm.orgtest.Createorgtest@6150c3ec]" started-at="2025-05-15T22:05:54 IST" name="BC" finished-at="2025-05-15T22:06:03 IST" duration-ms="9330" status="PASS">
          <reporter-output>
          </reporter-output>
        </test-method> <!-- BC -->
        <test-method is-config="true" signature="configBM()[pri:0, instance:com.comcast.crm.orgtest.Createorgtest@6150c3ec]" started-at="2025-05-15T22:06:03 IST" name="configBM" finished-at="2025-05-15T22:06:09 IST" duration-ms="5722" status="PASS">
          <reporter-output>
          </reporter-output>
        </test-method> <!-- configBM -->
        <test-method signature="createorgtest1()[pri:0, instance:com.comcast.crm.orgtest.Createorgtest@6150c3ec]" started-at="2025-05-15T22:06:09 IST" name="createorgtest1" finished-at="2025-05-15T22:06:29 IST" duration-ms="19719" status="PASS">
          <reporter-output>
          </reporter-output>
        </test-method> <!-- createorgtest1 -->
        <test-method is-config="true" signature="configAM()[pri:0, instance:com.comcast.crm.orgtest.Createorgtest@6150c3ec]" started-at="2025-05-15T22:06:29 IST" name="configAM" finished-at="2025-05-15T22:06:31 IST" duration-ms="2201" status="PASS">
          <reporter-output>
          </reporter-output>
        </test-method> <!-- configAM -->
        <test-method is-config="true" signature="configAC()[pri:0, instance:com.comcast.crm.orgtest.Createorgtest@6150c3ec]" started-at="2025-05-15T22:06:31 IST" name="configAC" finished-at="2025-05-15T22:06:32 IST" duration-ms="510" status="PASS">
          <reporter-output>
          </reporter-output>
        </test-method> <!-- configAC -->
        <test-method is-config="true" signature="configAS()[pri:0, instance:com.comcast.crm.orgtest.Createorgtest@6150c3ec]" started-at="2025-05-15T22:06:32 IST" name="configAS" finished-at="2025-05-15T22:06:32 IST" duration-ms="2" status="PASS">
          <reporter-output>
          </reporter-output>
        </test-method> <!-- configAS -->
      </class> <!-- com.comcast.crm.orgtest.Createorgtest -->
    </test> <!-- Test -->
  </suite> <!-- Suite -->
</testng-results>
